This is pdfTeX, Version 3.14159265-2.6-1.40.18 (TeX Live 2017) (preloaded format=pdflatex 2018.3.25)  7 FEB 2021 12:38
entering extended mode
 restricted \write18 enabled.
 file:line:error style messages enabled.
 %&-line parsing enabled.
**"/Users/JasonWu/Desktop/UWaterloo/All Academic Courses/CO456/Typed_Notes/CO456_Notes.tex"
(/Users/JasonWu/Desktop/UWaterloo/All Academic Courses/CO456/Typed_Notes/CO456_Notes.tex
LaTeX2e <2017-04-15>
Babel <3.10> and hyphenation patterns for 84 language(s) loaded.
(/usr/local/texlive/2017/texmf-dist/tex/latex/base/article.cls
Document Class: article 2014/09/29 v1.4h Standard LaTeX document class
(/usr/local/texlive/2017/texmf-dist/tex/latex/base/size10.clo
File: size10.clo 2014/09/29 v1.4h Standard LaTeX file (size option)
)
\c@part=\count79
\c@section=\count80
\c@subsection=\count81
\c@subsubsection=\count82
\c@paragraph=\count83
\c@subparagraph=\count84
\c@figure=\count85
\c@table=\count86
\abovecaptionskip=\skip41
\belowcaptionskip=\skip42
\bibindent=\dimen102
) (/usr/local/texlive/2017/texmf-dist/tex/latex/amsmath/amsmath.sty
Package: amsmath 2016/11/05 v2.16a AMS math features
\@mathmargin=\skip43

For additional information on amsmath, use the `?' option.
(/usr/local/texlive/2017/texmf-dist/tex/latex/amsmath/amstext.sty
Package: amstext 2000/06/29 v2.01 AMS text
 (/usr/local/texlive/2017/texmf-dist/tex/latex/amsmath/amsgen.sty
File: amsgen.sty 1999/11/30 v2.0 generic functions
\@emptytoks=\toks14
\ex@=\dimen103
)) (/usr/local/texlive/2017/texmf-dist/tex/latex/amsmath/amsbsy.sty
Package: amsbsy 1999/11/29 v1.2d Bold Symbols
\pmbraise@=\dimen104
) (/usr/local/texlive/2017/texmf-dist/tex/latex/amsmath/amsopn.sty
Package: amsopn 2016/03/08 v2.02 operator names
)
\inf@bad=\count87
LaTeX Info: Redefining \frac on input line 213.
\uproot@=\count88
\leftroot@=\count89
LaTeX Info: Redefining \overline on input line 375.
\classnum@=\count90
\DOTSCASE@=\count91
LaTeX Info: Redefining \ldots on input line 472.
LaTeX Info: Redefining \dots on input line 475.
LaTeX Info: Redefining \cdots on input line 596.
\Mathstrutbox@=\box26
\strutbox@=\box27
\big@size=\dimen105
LaTeX Font Info:    Redeclaring font encoding OML on input line 712.
LaTeX Font Info:    Redeclaring font encoding OMS on input line 713.
\macc@depth=\count92
\c@MaxMatrixCols=\count93
\dotsspace@=\muskip10
\c@parentequation=\count94
\dspbrk@lvl=\count95
\tag@help=\toks15
\row@=\count96
\column@=\count97
\maxfields@=\count98
\andhelp@=\toks16
\eqnshift@=\dimen106
\alignsep@=\dimen107
\tagshift@=\dimen108
\tagwidth@=\dimen109
\totwidth@=\dimen110
\lineht@=\dimen111
\@envbody=\toks17
\multlinegap=\skip44
\multlinetaggap=\skip45
\mathdisplay@stack=\toks18
LaTeX Info: Redefining \[ on input line 2817.
LaTeX Info: Redefining \] on input line 2818.
) (/usr/local/texlive/2017/texmf-dist/tex/latex/amsfonts/amsfonts.sty
Package: amsfonts 2013/01/14 v3.01 Basic AMSFonts support
\symAMSa=\mathgroup4
\symAMSb=\mathgroup5
LaTeX Font Info:    Overwriting math alphabet `\mathfrak' in version `bold'
(Font)                  U/euf/m/n --> U/euf/b/n on input line 106.
) (/usr/local/texlive/2017/texmf-dist/tex/latex/graphics/graphicx.sty
Package: graphicx 2014/10/28 v1.0g Enhanced LaTeX Graphics (DPC,SPQR)
 (/usr/local/texlive/2017/texmf-dist/tex/latex/graphics/keyval.sty
Package: keyval 2014/10/28 v1.15 key=value parser (DPC)
\KV@toks@=\toks19
) (/usr/local/texlive/2017/texmf-dist/tex/latex/graphics/graphics.sty
Package: graphics 2017/04/14 v1.1b Standard LaTeX Graphics (DPC,SPQR)
 (/usr/local/texlive/2017/texmf-dist/tex/latex/graphics/trig.sty
Package: trig 2016/01/03 v1.10 sin cos tan (DPC)
) (/usr/local/texlive/2017/texmf-dist/tex/latex/graphics-cfg/graphics.cfg
File: graphics.cfg 2016/06/04 v1.11 sample graphics configuration
)
Package graphics Info: Driver file: pdftex.def on input line 99.
 (/usr/local/texlive/2017/texmf-dist/tex/latex/graphics-def/pdftex.def
File: pdftex.def 2017/01/12 v0.06k Graphics/color for pdfTeX
 (/usr/local/texlive/2017/texmf-dist/tex/generic/oberdiek/infwarerr.sty
Package: infwarerr 2016/05/16 v1.4 Providing info/warning/error messages (HO)
) (/usr/local/texlive/2017/texmf-dist/tex/generic/oberdiek/ltxcmds.sty
Package: ltxcmds 2016/05/16 v1.23 LaTeX kernel commands for general use (HO)
)
\Gread@gobject=\count99
))
\Gin@req@height=\dimen112
\Gin@req@width=\dimen113
) (/usr/local/texlive/2017/texmf-dist/tex/latex/mathtools/mathtools.sty
Package: mathtools 2015/11/12 v1.18 mathematical typesetting tools
 (/usr/local/texlive/2017/texmf-dist/tex/latex/tools/calc.sty
Package: calc 2014/10/28 v4.3 Infix arithmetic (KKT,FJ)
\calc@Acount=\count100
\calc@Bcount=\count101
\calc@Adimen=\dimen114
\calc@Bdimen=\dimen115
\calc@Askip=\skip46
\calc@Bskip=\skip47
LaTeX Info: Redefining \setlength on input line 80.
LaTeX Info: Redefining \addtolength on input line 81.
\calc@Ccount=\count102
\calc@Cskip=\skip48
) (/usr/local/texlive/2017/texmf-dist/tex/latex/mathtools/mhsetup.sty
Package: mhsetup 2010/01/21 v1.2a programming setup (MH)
)
LaTeX Info: Thecontrolsequence`\('isalreadyrobust on input line 129.
LaTeX Info: Thecontrolsequence`\)'isalreadyrobust on input line 129.
LaTeX Info: Thecontrolsequence`\['isalreadyrobust on input line 129.
LaTeX Info: Thecontrolsequence`\]'isalreadyrobust on input line 129.
\g_MT_multlinerow_int=\count103
\l_MT_multwidth_dim=\dimen116
\origjot=\skip49
\l_MT_shortvdotswithinadjustabove_dim=\dimen117
\l_MT_shortvdotswithinadjustbelow_dim=\dimen118
\l_MT_above_intertext_sep=\dimen119
\l_MT_below_intertext_sep=\dimen120
\l_MT_above_shortintertext_sep=\dimen121
\l_MT_below_shortintertext_sep=\dimen122
) (/usr/local/texlive/2017/texmf-dist/tex/latex/doublestroke/dsfont.sty
Package: dsfont 1995/08/01 v0.1 Double stroke roman fonts
) (/usr/local/texlive/2017/texmf-dist/tex/latex/xcolor/xcolor.sty
Package: xcolor 2016/05/11 v2.12 LaTeX color extensions (UK)
 (/usr/local/texlive/2017/texmf-dist/tex/latex/graphics-cfg/color.cfg
File: color.cfg 2016/01/02 v1.6 sample color configuration
)
Package xcolor Info: Driver file: pdftex.def on input line 225.
Package xcolor Info: Model `cmy' substituted by `cmy0' on input line 1348.
Package xcolor Info: Model `hsb' substituted by `rgb' on input line 1352.
Package xcolor Info: Model `RGB' extended on input line 1364.
Package xcolor Info: Model `HTML' substituted by `rgb' on input line 1366.
Package xcolor Info: Model `Hsb' substituted by `hsb' on input line 1367.
Package xcolor Info: Model `tHsb' substituted by `hsb' on input line 1368.
Package xcolor Info: Model `HSB' substituted by `hsb' on input line 1369.
Package xcolor Info: Model `Gray' substituted by `gray' on input line 1370.
Package xcolor Info: Model `wave' substituted by `hsb' on input line 1371.
) (/usr/local/texlive/2017/texmf-dist/tex/latex/amscls/amsthm.sty
Package: amsthm 2015/03/04 v2.20.2
\thm@style=\toks20
\thm@bodyfont=\toks21
\thm@headfont=\toks22
\thm@notefont=\toks23
\thm@headpunct=\toks24
\thm@preskip=\skip50
\thm@postskip=\skip51
\thm@headsep=\skip52
\dth@everypar=\toks25
) (/usr/local/texlive/2017/texmf-dist/tex/latex/framed/framed.sty
Package: framed 2011/10/22 v 0.96: framed or shaded text with page breaks
\OuterFrameSep=\skip53
\fb@frw=\dimen123
\fb@frh=\dimen124
\FrameRule=\dimen125
\FrameSep=\dimen126
) (/usr/local/texlive/texmf-local/tex/latex/algo.sty
\c@algorithmeligne=\count104
) (/usr/local/texlive/2017/texmf-dist/tex/latex/pgf/frontendlayer/tikz.sty (/usr/local/texlive/2017/texmf-dist/tex/latex/pgf/basiclayer/pgf.sty (/usr/local/texlive/2017/texmf-dist/tex/latex/pgf/utilities/pgfrcs.sty (/usr/local/texlive/2017/texmf-dist/tex/generic/pgf/utilities/pgfutil-common.tex
\pgfutil@everybye=\toks26
\pgfutil@tempdima=\dimen127
\pgfutil@tempdimb=\dimen128
 (/usr/local/texlive/2017/texmf-dist/tex/generic/pgf/utilities/pgfutil-common-lists.tex)) (/usr/local/texlive/2017/texmf-dist/tex/generic/pgf/utilities/pgfutil-latex.def
\pgfutil@abb=\box28
 (/usr/local/texlive/2017/texmf-dist/tex/latex/ms/everyshi.sty
Package: everyshi 2001/05/15 v3.00 EveryShipout Package (MS)
)) (/usr/local/texlive/2017/texmf-dist/tex/generic/pgf/utilities/pgfrcs.code.tex
Package: pgfrcs 2015/08/07 v3.0.1a (rcs-revision 1.31)
))
Package: pgf 2015/08/07 v3.0.1a (rcs-revision 1.15)
 (/usr/local/texlive/2017/texmf-dist/tex/latex/pgf/basiclayer/pgfcore.sty (/usr/local/texlive/2017/texmf-dist/tex/latex/pgf/systemlayer/pgfsys.sty (/usr/local/texlive/2017/texmf-dist/tex/generic/pgf/systemlayer/pgfsys.code.tex
Package: pgfsys 2014/07/09 v3.0.1a (rcs-revision 1.48)
 (/usr/local/texlive/2017/texmf-dist/tex/generic/pgf/utilities/pgfkeys.code.tex
\pgfkeys@pathtoks=\toks27
\pgfkeys@temptoks=\toks28
 (/usr/local/texlive/2017/texmf-dist/tex/generic/pgf/utilities/pgfkeysfiltered.code.tex
\pgfkeys@tmptoks=\toks29
))
\pgf@x=\dimen129
\pgf@y=\dimen130
\pgf@xa=\dimen131
\pgf@ya=\dimen132
\pgf@xb=\dimen133
\pgf@yb=\dimen134
\pgf@xc=\dimen135
\pgf@yc=\dimen136
\w@pgf@writea=\write3
\r@pgf@reada=\read1
\c@pgf@counta=\count105
\c@pgf@countb=\count106
\c@pgf@countc=\count107
\c@pgf@countd=\count108
\t@pgf@toka=\toks30
\t@pgf@tokb=\toks31
\t@pgf@tokc=\toks32
 (/usr/local/texlive/2017/texmf-dist/tex/generic/pgf/systemlayer/pgf.cfg
File: pgf.cfg 2008/05/14  (rcs-revision 1.7)
)
Driver file for pgf: pgfsys-pdftex.def
 (/usr/local/texlive/2017/texmf-dist/tex/generic/pgf/systemlayer/pgfsys-pdftex.def
File: pgfsys-pdftex.def 2014/10/11  (rcs-revision 1.35)
 (/usr/local/texlive/2017/texmf-dist/tex/generic/pgf/systemlayer/pgfsys-common-pdf.def
File: pgfsys-common-pdf.def 2013/10/10  (rcs-revision 1.13)
))) (/usr/local/texlive/2017/texmf-dist/tex/generic/pgf/systemlayer/pgfsyssoftpath.code.tex
File: pgfsyssoftpath.code.tex 2013/09/09  (rcs-revision 1.9)
\pgfsyssoftpath@smallbuffer@items=\count109
\pgfsyssoftpath@bigbuffer@items=\count110
) (/usr/local/texlive/2017/texmf-dist/tex/generic/pgf/systemlayer/pgfsysprotocol.code.tex
File: pgfsysprotocol.code.tex 2006/10/16  (rcs-revision 1.4)
)) (/usr/local/texlive/2017/texmf-dist/tex/generic/pgf/basiclayer/pgfcore.code.tex
Package: pgfcore 2010/04/11 v3.0.1a (rcs-revision 1.7)
 (/usr/local/texlive/2017/texmf-dist/tex/generic/pgf/math/pgfmath.code.tex (/usr/local/texlive/2017/texmf-dist/tex/generic/pgf/math/pgfmathcalc.code.tex (/usr/local/texlive/2017/texmf-dist/tex/generic/pgf/math/pgfmathutil.code.tex) (/usr/local/texlive/2017/texmf-dist/tex/generic/pgf/math/pgfmathparser.code.tex
\pgfmath@dimen=\dimen137
\pgfmath@count=\count111
\pgfmath@box=\box29
\pgfmath@toks=\toks33
\pgfmath@stack@operand=\toks34
\pgfmath@stack@operation=\toks35
) (/usr/local/texlive/2017/texmf-dist/tex/generic/pgf/math/pgfmathfunctions.code.tex (/usr/local/texlive/2017/texmf-dist/tex/generic/pgf/math/pgfmathfunctions.basic.code.tex) (/usr/local/texlive/2017/texmf-dist/tex/generic/pgf/math/pgfmathfunctions.trigonometric.code.tex) (/usr/local/texlive/2017/texmf-dist/tex/generic/pgf/math/pgfmathfunctions.random.code.tex) (/usr/local/texlive/2017/texmf-dist/tex/generic/pgf/math/pgfmathfunctions.comparison.code.tex) (/usr/local/texlive/2017/texmf-dist/tex/generic/pgf/math/pgfmathfunctions.base.code.tex) (/usr/local/texlive/2017/texmf-dist/tex/generic/pgf/math/pgfmathfunctions.round.code.tex) (/usr/local/texlive/2017/texmf-dist/tex/generic/pgf/math/pgfmathfunctions.misc.code.tex) (/usr/local/texlive/2017/texmf-dist/tex/generic/pgf/math/pgfmathfunctions.integerarithmetics.code.tex))) (/usr/local/texlive/2017/texmf-dist/tex/generic/pgf/math/pgfmathfloat.code.tex
\c@pgfmathroundto@lastzeros=\count112
)) (/usr/local/texlive/2017/texmf-dist/tex/generic/pgf/basiclayer/pgfcorepoints.code.tex
File: pgfcorepoints.code.tex 2013/10/07  (rcs-revision 1.27)
\pgf@picminx=\dimen138
\pgf@picmaxx=\dimen139
\pgf@picminy=\dimen140
\pgf@picmaxy=\dimen141
\pgf@pathminx=\dimen142
\pgf@pathmaxx=\dimen143
\pgf@pathminy=\dimen144
\pgf@pathmaxy=\dimen145
\pgf@xx=\dimen146
\pgf@xy=\dimen147
\pgf@yx=\dimen148
\pgf@yy=\dimen149
\pgf@zx=\dimen150
\pgf@zy=\dimen151
) (/usr/local/texlive/2017/texmf-dist/tex/generic/pgf/basiclayer/pgfcorepathconstruct.code.tex
File: pgfcorepathconstruct.code.tex 2013/10/07  (rcs-revision 1.29)
\pgf@path@lastx=\dimen152
\pgf@path@lasty=\dimen153
) (/usr/local/texlive/2017/texmf-dist/tex/generic/pgf/basiclayer/pgfcorepathusage.code.tex
File: pgfcorepathusage.code.tex 2014/11/02  (rcs-revision 1.24)
\pgf@shorten@end@additional=\dimen154
\pgf@shorten@start@additional=\dimen155
) (/usr/local/texlive/2017/texmf-dist/tex/generic/pgf/basiclayer/pgfcorescopes.code.tex
File: pgfcorescopes.code.tex 2015/05/08  (rcs-revision 1.46)
\pgfpic=\box30
\pgf@hbox=\box31
\pgf@layerbox@main=\box32
\pgf@picture@serial@count=\count113
) (/usr/local/texlive/2017/texmf-dist/tex/generic/pgf/basiclayer/pgfcoregraphicstate.code.tex
File: pgfcoregraphicstate.code.tex 2014/11/02  (rcs-revision 1.12)
\pgflinewidth=\dimen156
) (/usr/local/texlive/2017/texmf-dist/tex/generic/pgf/basiclayer/pgfcoretransformations.code.tex
File: pgfcoretransformations.code.tex 2015/08/07  (rcs-revision 1.20)
\pgf@pt@x=\dimen157
\pgf@pt@y=\dimen158
\pgf@pt@temp=\dimen159
) (/usr/local/texlive/2017/texmf-dist/tex/generic/pgf/basiclayer/pgfcorequick.code.tex
File: pgfcorequick.code.tex 2008/10/09  (rcs-revision 1.3)
) (/usr/local/texlive/2017/texmf-dist/tex/generic/pgf/basiclayer/pgfcoreobjects.code.tex
File: pgfcoreobjects.code.tex 2006/10/11  (rcs-revision 1.2)
) (/usr/local/texlive/2017/texmf-dist/tex/generic/pgf/basiclayer/pgfcorepathprocessing.code.tex
File: pgfcorepathprocessing.code.tex 2013/09/09  (rcs-revision 1.9)
) (/usr/local/texlive/2017/texmf-dist/tex/generic/pgf/basiclayer/pgfcorearrows.code.tex
File: pgfcorearrows.code.tex 2015/05/14  (rcs-revision 1.43)
\pgfarrowsep=\dimen160
) (/usr/local/texlive/2017/texmf-dist/tex/generic/pgf/basiclayer/pgfcoreshade.code.tex
File: pgfcoreshade.code.tex 2013/07/15  (rcs-revision 1.15)
\pgf@max=\dimen161
\pgf@sys@shading@range@num=\count114
) (/usr/local/texlive/2017/texmf-dist/tex/generic/pgf/basiclayer/pgfcoreimage.code.tex
File: pgfcoreimage.code.tex 2013/07/15  (rcs-revision 1.18)
 (/usr/local/texlive/2017/texmf-dist/tex/generic/pgf/basiclayer/pgfcoreexternal.code.tex
File: pgfcoreexternal.code.tex 2014/07/09  (rcs-revision 1.21)
\pgfexternal@startupbox=\box33
)) (/usr/local/texlive/2017/texmf-dist/tex/generic/pgf/basiclayer/pgfcorelayers.code.tex
File: pgfcorelayers.code.tex 2013/07/18  (rcs-revision 1.7)
) (/usr/local/texlive/2017/texmf-dist/tex/generic/pgf/basiclayer/pgfcoretransparency.code.tex
File: pgfcoretransparency.code.tex 2013/09/30  (rcs-revision 1.5)
) (/usr/local/texlive/2017/texmf-dist/tex/generic/pgf/basiclayer/pgfcorepatterns.code.tex
File: pgfcorepatterns.code.tex 2013/11/07  (rcs-revision 1.5)
))) (/usr/local/texlive/2017/texmf-dist/tex/generic/pgf/modules/pgfmoduleshapes.code.tex
File: pgfmoduleshapes.code.tex 2014/03/21  (rcs-revision 1.35)
\pgfnodeparttextbox=\box34
) (/usr/local/texlive/2017/texmf-dist/tex/generic/pgf/modules/pgfmoduleplot.code.tex
File: pgfmoduleplot.code.tex 2015/08/03  (rcs-revision 1.13)
) (/usr/local/texlive/2017/texmf-dist/tex/latex/pgf/compatibility/pgfcomp-version-0-65.sty
Package: pgfcomp-version-0-65 2007/07/03 v3.0.1a (rcs-revision 1.7)
\pgf@nodesepstart=\dimen162
\pgf@nodesepend=\dimen163
) (/usr/local/texlive/2017/texmf-dist/tex/latex/pgf/compatibility/pgfcomp-version-1-18.sty
Package: pgfcomp-version-1-18 2007/07/23 v3.0.1a (rcs-revision 1.1)
)) (/usr/local/texlive/2017/texmf-dist/tex/latex/pgf/utilities/pgffor.sty (/usr/local/texlive/2017/texmf-dist/tex/latex/pgf/utilities/pgfkeys.sty (/usr/local/texlive/2017/texmf-dist/tex/generic/pgf/utilities/pgfkeys.code.tex)) (/usr/local/texlive/2017/texmf-dist/tex/latex/pgf/math/pgfmath.sty (/usr/local/texlive/2017/texmf-dist/tex/generic/pgf/math/pgfmath.code.tex)) (/usr/local/texlive/2017/texmf-dist/tex/generic/pgf/utilities/pgffor.code.tex
Package: pgffor 2013/12/13 v3.0.1a (rcs-revision 1.25)
 (/usr/local/texlive/2017/texmf-dist/tex/generic/pgf/math/pgfmath.code.tex)
\pgffor@iter=\dimen164
\pgffor@skip=\dimen165
\pgffor@stack=\toks36
\pgffor@toks=\toks37
)) (/usr/local/texlive/2017/texmf-dist/tex/generic/pgf/frontendlayer/tikz/tikz.code.tex
Package: tikz 2015/08/07 v3.0.1a (rcs-revision 1.151)
 (/usr/local/texlive/2017/texmf-dist/tex/generic/pgf/libraries/pgflibraryplothandlers.code.tex
File: pgflibraryplothandlers.code.tex 2013/08/31 v3.0.1a (rcs-revision 1.20)
\pgf@plot@mark@count=\count115
\pgfplotmarksize=\dimen166
)
\tikz@lastx=\dimen167
\tikz@lasty=\dimen168
\tikz@lastxsaved=\dimen169
\tikz@lastysaved=\dimen170
\tikzleveldistance=\dimen171
\tikzsiblingdistance=\dimen172
\tikz@figbox=\box35
\tikz@figbox@bg=\box36
\tikz@tempbox=\box37
\tikz@tempbox@bg=\box38
\tikztreelevel=\count116
\tikznumberofchildren=\count117
\tikznumberofcurrentchild=\count118
\tikz@fig@count=\count119
 (/usr/local/texlive/2017/texmf-dist/tex/generic/pgf/modules/pgfmodulematrix.code.tex
File: pgfmodulematrix.code.tex 2013/09/17  (rcs-revision 1.8)
\pgfmatrixcurrentrow=\count120
\pgfmatrixcurrentcolumn=\count121
\pgf@matrix@numberofcolumns=\count122
)
\tikz@expandcount=\count123
 (/usr/local/texlive/2017/texmf-dist/tex/generic/pgf/frontendlayer/tikz/libraries/tikzlibrarytopaths.code.tex
File: tikzlibrarytopaths.code.tex 2008/06/17 v3.0.1a (rcs-revision 1.2)
))) (/usr/local/texlive/2017/texmf-dist/tex/latex/url/url.sty
\Urlmuskip=\muskip11
Package: url 2013/09/16  ver 3.4  Verb mode for urls, etc.
) (/usr/local/texlive/2017/texmf-dist/tex/latex/amsfonts/amssymb.sty
Package: amssymb 2013/01/14 v3.01 AMS font symbols
) (/usr/local/texlive/2017/texmf-dist/tex/latex/graphics/epsfig.sty
Package: epsfig 1999/02/16 v1.7a (e)psfig emulation (SPQR)
\epsfxsize=\dimen173
\epsfysize=\dimen174
) (/usr/local/texlive/2017/texmf-dist/tex/latex/tools/xspace.sty
Package: xspace 2014/10/28 v1.13 Space after command names (DPC,MH)
) (/usr/local/texlive/2017/texmf-dist/tex/latex/algorithmicx/algpseudocode.sty
Package: algpseudocode 
 (/usr/local/texlive/2017/texmf-dist/tex/latex/base/ifthen.sty
Package: ifthen 2014/09/29 v1.1c Standard LaTeX ifthen package (DPC)
) (/usr/local/texlive/2017/texmf-dist/tex/latex/algorithmicx/algorithmicx.sty
Package: algorithmicx 2005/04/27 v1.2 Algorithmicx

Document Style algorithmicx 1.2 - a greatly improved `algorithmic' style
\c@ALG@line=\count124
\c@ALG@rem=\count125
\c@ALG@nested=\count126
\ALG@tlm=\skip54
\ALG@thistlm=\skip55
\c@ALG@Lnr=\count127
\c@ALG@blocknr=\count128
\c@ALG@storecount=\count129
\c@ALG@tmpcounter=\count130
\ALG@tmplength=\skip56
)
Document Style - pseudocode environments for use with the `algorithmicx' style
) (/usr/local/texlive/2017/texmf-dist/tex/latex/algorithms/algorithm.sty
Package: algorithm 2009/08/24 v0.1 Document Style `algorithm' - floating environment
 (/usr/local/texlive/2017/texmf-dist/tex/latex/float/float.sty
Package: float 2001/11/08 v1.3d Float enhancements (AL)
\c@float@type=\count131
\float@exts=\toks38
\float@box=\box39
\@float@everytoks=\toks39
\@floatcapt=\box40
)
\@float@every@algorithm=\toks40
\c@algorithm=\count132
)
\c@lecnum=\count133
\c@prototheorem=\count134
 (/Users/JasonWu/Desktop/UWaterloo/All Academic Courses/CO456/Typed_Notes/CO456_Notes.aux)
\openout1 = `CO456_Notes.aux'.

LaTeX Font Info:    Checking defaults for OML/cmm/m/it on input line 129.
LaTeX Font Info:    ... okay on input line 129.
LaTeX Font Info:    Checking defaults for T1/cmr/m/n on input line 129.
LaTeX Font Info:    ... okay on input line 129.
LaTeX Font Info:    Checking defaults for OT1/cmr/m/n on input line 129.
LaTeX Font Info:    ... okay on input line 129.
LaTeX Font Info:    Checking defaults for OMS/cmsy/m/n on input line 129.
LaTeX Font Info:    ... okay on input line 129.
LaTeX Font Info:    Checking defaults for OMX/cmex/m/n on input line 129.
LaTeX Font Info:    ... okay on input line 129.
LaTeX Font Info:    Checking defaults for U/cmr/m/n on input line 129.
LaTeX Font Info:    ... okay on input line 129.
 (/usr/local/texlive/2017/texmf-dist/tex/context/base/mkii/supp-pdf.mkii
[Loading MPS to PDF converter (version 2006.09.02).]
\scratchcounter=\count135
\scratchdimen=\dimen175
\scratchbox=\box41
\nofMPsegments=\count136
\nofMParguments=\count137
\everyMPshowfont=\toks41
\MPscratchCnt=\count138
\MPscratchDim=\dimen176
\MPnumerator=\count139
\makeMPintoPDFobject=\count140
\everyMPtoPDFconversion=\toks42
) (/usr/local/texlive/2017/texmf-dist/tex/generic/oberdiek/pdftexcmds.sty
Package: pdftexcmds 2017/03/19 v0.25 Utility functions of pdfTeX for LuaTeX (HO)
 (/usr/local/texlive/2017/texmf-dist/tex/generic/oberdiek/ifluatex.sty
Package: ifluatex 2016/05/16 v1.4 Provides the ifluatex switch (HO)
Package ifluatex Info: LuaTeX not detected.
) (/usr/local/texlive/2017/texmf-dist/tex/generic/oberdiek/ifpdf.sty
Package: ifpdf 2017/03/15 v3.2 Provides the ifpdf switch
)
Package pdftexcmds Info: LuaTeX not detected.
Package pdftexcmds Info: \pdf@primitive is available.
Package pdftexcmds Info: \pdf@ifprimitive is available.
Package pdftexcmds Info: \pdfdraftmode found.
) (/usr/local/texlive/2017/texmf-dist/tex/latex/oberdiek/epstopdf-base.sty
Package: epstopdf-base 2016/05/15 v2.6 Base part for package epstopdf
 (/usr/local/texlive/2017/texmf-dist/tex/latex/oberdiek/grfext.sty
Package: grfext 2016/05/16 v1.2 Manage graphics extensions (HO)
 (/usr/local/texlive/2017/texmf-dist/tex/generic/oberdiek/kvdefinekeys.sty
Package: kvdefinekeys 2016/05/16 v1.4 Define keys (HO)
)) (/usr/local/texlive/2017/texmf-dist/tex/latex/oberdiek/kvoptions.sty
Package: kvoptions 2016/05/16 v3.12 Key value format for package options (HO)
 (/usr/local/texlive/2017/texmf-dist/tex/generic/oberdiek/kvsetkeys.sty
Package: kvsetkeys 2016/05/16 v1.17 Key value parser (HO)
 (/usr/local/texlive/2017/texmf-dist/tex/generic/oberdiek/etexcmds.sty
Package: etexcmds 2016/05/16 v1.6 Avoid name clashes with e-TeX commands (HO)
Package etexcmds Info: Could not find \expanded.
(etexcmds)             That can mean that you are not using pdfTeX 1.50 or
(etexcmds)             that some package has redefined \expanded.
(etexcmds)             In the latter case, load this package earlier.
)))
Package epstopdf-base Info: Redefining graphics rule for `.eps' on input line 438.
Package grfext Info: Graphics extension search list:
(grfext)             [.png,.pdf,.jpg,.mps,.jpeg,.jbig2,.jb2,.PNG,.PDF,.JPG,.JPEG,.JBIG2,.JB2,.eps]
(grfext)             \AppendGraphicsExtensions on input line 456.
 (/usr/local/texlive/2017/texmf-dist/tex/latex/latexconfig/epstopdf-sys.cfg
File: epstopdf-sys.cfg 2010/07/13 v1.3 Configuration of (r)epstopdf for TeX Live
)) ABD: EveryShipout initializing macros
LaTeX Font Info:    Try loading font information for U+msa on input line 157.
 (/usr/local/texlive/2017/texmf-dist/tex/latex/amsfonts/umsa.fd
File: umsa.fd 2013/01/14 v3.01 AMS symbols A
)
LaTeX Font Info:    Try loading font information for U+msb on input line 157.
 (/usr/local/texlive/2017/texmf-dist/tex/latex/amsfonts/umsb.fd
File: umsb.fd 2013/01/14 v3.01 AMS symbols B
) [1

{/usr/local/texlive/2017/texmf-var/fonts/map/pdftex/updmap/pdftex.map}]
LaTeX Font Info:    Try loading font information for OMS+cmr on input line 173.
 (/usr/local/texlive/2017/texmf-dist/tex/latex/base/omscmr.fd
File: omscmr.fd 2014/09/29 v2.5h Standard LaTeX font definitions
)
LaTeX Font Info:    Font shape `OMS/cmr/m/n' in size <10> not available
(Font)              Font shape `OMS/cmsy/m/n' tried instead on input line 173.
 [2] [3] [4] [5] [1] [2] [3] [4] [5] [6] [1] [2] [3] [4] [5] [6] [1] [2] [3] [4] [5] [6] [1] [2]
Underfull \vbox (badness 2181) has occurred while \output is active []

 [3]
Underfull \vbox (badness 10000) has occurred while \output is active []

 [4] <matching_pennies_example.png, id=107, 232.87pt x 205.76875pt>
File: matching_pennies_example.png Graphic file (type png)
 <use matching_pennies_example.png>
Package pdftex.def Info: matching_pennies_example.png used on input line 1039.
(pdftex.def)             Requested size: 232.86942pt x 205.76823pt.
 [5 </Users/JasonWu/Desktop/UWaterloo/All Academic Courses/CO456/Typed_Notes/matching_pennies_example.png>] <Bach_or_Stravinsky_example.png, id=113, 232.87pt x 205.76875pt>
File: Bach_or_Stravinsky_example.png Graphic file (type png)
 <use Bach_or_Stravinsky_example.png>
Package pdftex.def Info: Bach_or_Stravinsky_example.png used on input line 1073.
(pdftex.def)             Requested size: 232.86942pt x 205.76823pt.
 [6 </Users/JasonWu/Desktop/UWaterloo/All Academic Courses/CO456/Typed_Notes/Bach_or_Stravinsky_example.png>] [7] [8] [9]
Underfull \hbox (badness 10000) in paragraph at lines 1230--1231
\OT1/cmr/m/n/10 So the util-ity of ab-stain-ing is $\OML/cmm/m/it/10 p[] \OMS/cmsy/m/n/10 ^^A \OT1/cmr/m/n/10 0 + [] \OMS/cmsy/m/n/10 ^^A [] ^^A [] ^^A\OT1/cmr/m/n/10 1 +
 []

[1] [2] [3]
Overfull \hbox (12.4147pt too wide) in paragraph at lines 1293--1294
\OT1/cmr/m/n/10 Maximizing this would be equiv-a-lent to min-i-miz-ing $[][](\OML/cmm/m/it/10 x[]\OT1/cmr/m/n/10 )[]\OML/cmm/m/it/10 A[]$\OT1/cmr/m/n/10 . So we get $[] [][](\OML/cmm/m/it/10 x[]\OT1/cmr/m/n/10 )[]\OML/cmm/m/it/10 A[]$\OT1/cmr/m/n/10 ,
 []

[4] <Delta_is_convex_and_compact.png, id=140, 616.3025pt x 188.705pt>
File: Delta_is_convex_and_compact.png Graphic file (type png)
 <use Delta_is_convex_and_compact.png>
Package pdftex.def Info: Delta_is_convex_and_compact.png used on input line 1348.
(pdftex.def)             Requested size: 469.75499pt x 143.83768pt.
 [5] <Rock_Paper_Scissors_1.png, id=145, 348.30125pt x 183.68625pt>
File: Rock_Paper_Scissors_1.png Graphic file (type png)
 <use Rock_Paper_Scissors_1.png>
Package pdftex.def Info: Rock_Paper_Scissors_1.png used on input line 1365.
(pdftex.def)             Requested size: 250.0pt x 131.84476pt.
 [6 </Users/JasonWu/Desktop/UWaterloo/All Academic Courses/CO456/Typed_Notes/Delta_is_convex_and_compact.png> </Users/JasonWu/Desktop/UWaterloo/All Academic Courses/CO456/Typed_Notes/Rock_Paper_Scissors_1.png>] <Rock_Paper_Scissors_2.png, id=151, 388.45125pt x 196.735pt>
File: Rock_Paper_Scissors_2.png Graphic file (type png)
 <use Rock_Paper_Scissors_2.png>
Package pdftex.def Info: Rock_Paper_Scissors_2.png used on input line 1372.
(pdftex.def)             Requested size: 250.0pt x 126.61841pt.
 [7 </Users/JasonWu/Desktop/UWaterloo/All Academic Courses/CO456/Typed_Notes/Rock_Paper_Scissors_2.png>] [8] [1] <matching_game.png, id=163, 270.00874pt x 113.42375pt>
File: matching_game.png Graphic file (type png)
 <use matching_game.png>
Package pdftex.def Info: matching_game.png used on input line 1450.
(pdftex.def)             Requested size: 270.00807pt x 113.42346pt.
 [2 </Users/JasonWu/Desktop/UWaterloo/All Academic Courses/CO456/Typed_Notes/matching_game.png>] [3] [4] [5] [6] [7] [1] [2] [3] [4] [5]
Underfull \vbox (badness 10000) has occurred while \output is active []

 [6] [7]
Underfull \vbox (badness 1527) has occurred while \output is active []

 [8] [9] <matching_game_2.png, id=214, 276.03125pt x 210.7875pt>
File: matching_game_2.png Graphic file (type png)
 <use matching_game_2.png>
Package pdftex.def Info: matching_game_2.png used on input line 1924.
(pdftex.def)             Requested size: 276.03056pt x 210.78699pt.
 [1 </Users/JasonWu/Desktop/UWaterloo/All Academic Courses/CO456/Typed_Notes/matching_game_2.png>] <matching_game_3.png, id=219, 776.9025pt x 260.975pt>
File: matching_game_3.png Graphic file (type png)
 <use matching_game_3.png>
Package pdftex.def Info: matching_game_3.png used on input line 1954.
(pdftex.def)             Requested size: 469.75499pt x 157.80077pt.
 <matching_game_4.png, id=220, 205.76875pt x 166.6225pt>
File: matching_game_4.png Graphic file (type png)
 <use matching_game_4.png>
Package pdftex.def Info: matching_game_4.png used on input line 1964.
(pdftex.def)             Requested size: 205.76823pt x 166.62209pt.


LaTeX Warning: `!h' float specifier changed to `!ht'.

[2 </Users/JasonWu/Desktop/UWaterloo/All Academic Courses/CO456/Typed_Notes/matching_game_3.png>] [3 </Users/JasonWu/Desktop/UWaterloo/All Academic Courses/CO456/Typed_Notes/matching_game_4.png>] <matching_game_5.png, id=229, 213.79875pt x 159.59625pt>
File: matching_game_5.png Graphic file (type png)
 <use matching_game_5.png>
Package pdftex.def Info: matching_game_5.png used on input line 2010.
(pdftex.def)             Requested size: 213.79822pt x 159.59584pt.
 [4 </Users/JasonWu/Desktop/UWaterloo/All Academic Courses/CO456/Typed_Notes/matching_game_5.png>] <Network_Bargaining_game.png, id=234, 863.225pt x 223.83624pt>
File: Network_Bargaining_game.png Graphic file (type png)
 <use Network_Bargaining_game.png>
Package pdftex.def Info: Network_Bargaining_game.png used on input line 2039.
(pdftex.def)             Requested size: 469.75499pt x 121.80902pt.
 [5 </Users/JasonWu/Desktop/UWaterloo/All Academic Courses/CO456/Typed_Notes/Network_Bargaining_game.png>] <Network_Bargaining_game_2.png, id=240, 204.765pt x 198.7425pt>
File: Network_Bargaining_game_2.png Graphic file (type png)
 <use Network_Bargaining_game_2.png>
Package pdftex.def Info: Network_Bargaining_game_2.png used on input line 2053.
(pdftex.def)             Requested size: 204.76448pt x 198.742pt.
 [6 </Users/JasonWu/Desktop/UWaterloo/All Academic Courses/CO456/Typed_Notes/Network_Bargaining_game_2.png>] <Network_Bargaining_game_3.png, id=245, 332.24126pt x 218.8175pt>
File: Network_Bargaining_game_3.png Graphic file (type png)
 <use Network_Bargaining_game_3.png>
Package pdftex.def Info: Network_Bargaining_game_3.png used on input line 2075.
(pdftex.def)             Requested size: 332.24043pt x 218.81696pt.
 <Network_Bargaining_game_4.png, id=246, 418.56375pt x 139.52126pt>
File: Network_Bargaining_game_4.png Graphic file (type png)
 <use Network_Bargaining_game_4.png>
Package pdftex.def Info: Network_Bargaining_game_4.png used on input line 2091.
(pdftex.def)             Requested size: 469.75499pt x 156.5842pt.
 [7 </Users/JasonWu/Desktop/UWaterloo/All Academic Courses/CO456/Typed_Notes/Network_Bargaining_game_3.png> </Users/JasonWu/Desktop/UWaterloo/All Academic Courses/CO456/Typed_Notes/Network_Bargaining_game_4.png>] <Network_Bargaining_game_5.png, id=252, 393.47pt x 121.45375pt>
File: Network_Bargaining_game_5.png Graphic file (type png)
 <use Network_Bargaining_game_5.png>
Package pdftex.def Info: Network_Bargaining_game_5.png used on input line 2104.
(pdftex.def)             Requested size: 469.75499pt x 145.0006pt.
 <Network_Bargaining_game_6.png, id=253, 351.3125pt x 177.66376pt>
File: Network_Bargaining_game_6.png Graphic file (type png)
 <use Network_Bargaining_game_6.png>
Package pdftex.def Info: Network_Bargaining_game_6.png used on input line 2111.
(pdftex.def)             Requested size: 469.75499pt x 237.58022pt.
 [8 </Users/JasonWu/Desktop/UWaterloo/All Academic Courses/CO456/Typed_Notes/Network_Bargaining_game_5.png> </Users/JasonWu/Desktop/UWaterloo/All Academic Courses/CO456/Typed_Notes/Network_Bargaining_game_6.png>] [9] [1] [2]
Underfull \vbox (badness 10000) has occurred while \output is active []

 [3]
Underfull \vbox (badness 1424) has occurred while \output is active []

 [4] [5] [1] <myerson.png, id=281, 325.215pt x 290.08376pt>
File: myerson.png Graphic file (type png)
 <use myerson.png>
Package pdftex.def Info: myerson.png used on input line 2334.
(pdftex.def)             Requested size: 234.87749pt x 209.5108pt.
 [2 </Users/JasonWu/Desktop/UWaterloo/All Academic Courses/CO456/Typed_Notes/myerson.png>] <myerson_2.png, id=286, 649.42625pt x 222.8325pt>
File: myerson_2.png Graphic file (type png)
 <use myerson_2.png>
Package pdftex.def Info: myerson_2.png used on input line 2359.
(pdftex.def)             Requested size: 328.82706pt x 112.83043pt.
 <myerson_3.png, id=287, 1168.365pt x 353.32pt>
File: myerson_3.png Graphic file (type png)
 <use myerson_3.png>
Package pdftex.def Info: myerson_3.png used on input line 2371.
(pdftex.def)             Requested size: 469.75499pt x 142.0587pt.
 <myerson_4.png, id=288, 412.54124pt x 203.76125pt>
File: myerson_4.png Graphic file (type png)
 <use myerson_4.png>
Package pdftex.def Info: myerson_4.png used on input line 2385.
(pdftex.def)             Requested size: 328.82706pt x 162.41536pt.


LaTeX Warning: `!h' float specifier changed to `!ht'.

[3 </Users/JasonWu/Desktop/UWaterloo/All Academic Courses/CO456/Typed_Notes/myerson_2.png> </Users/JasonWu/Desktop/UWaterloo/All Academic Courses/CO456/Typed_Notes/myerson_3.png>] <myerson_5.png, id=295, 352.31625pt x 232.87pt>
File: myerson_5.png Graphic file (type png)
 <use myerson_5.png>
Package pdftex.def Info: myerson_5.png used on input line 2394.
(pdftex.def)             Requested size: 234.87749pt x 155.24745pt.
 <myerson_6.png, id=296, 824.07875pt x 270.00874pt>
File: myerson_6.png Graphic file (type png)
 <use myerson_6.png>
Package pdftex.def Info: myerson_6.png used on input line 2402.
(pdftex.def)             Requested size: 469.75499pt x 153.91481pt.


LaTeX Warning: `!h' float specifier changed to `!ht'.

[4 </Users/JasonWu/Desktop/UWaterloo/All Academic Courses/CO456/Typed_Notes/myerson_4.png> </Users/JasonWu/Desktop/UWaterloo/All Academic Courses/CO456/Typed_Notes/myerson_5.png>] <knapsack.png, id=302, 1051.93pt x 284.06125pt>
File: knapsack.png Graphic file (type png)
 <use knapsack.png>
Package pdftex.def Info: knapsack.png used on input line 2415.
(pdftex.def)             Requested size: 469.75499pt x 126.85112pt.
 [5 </Users/JasonWu/Desktop/UWaterloo/All Academic Courses/CO456/Typed_Notes/myerson_6.png> </Users/JasonWu/Desktop/UWaterloo/All Academic Courses/CO456/Typed_Notes/knapsack.png>] [1] <knapsack_2.png, id=311, 246.9225pt x 184.69pt>
File: knapsack_2.png Graphic file (type png)
 <use knapsack_2.png>
Package pdftex.def Info: knapsack_2.png used on input line 2500.
(pdftex.def)             Requested size: 234.87749pt x 175.67993pt.


LaTeX Warning: `!h' float specifier changed to `!ht'.


Underfull \vbox (badness 1087) has occurred while \output is active []

 [2] [3 </Users/JasonWu/Desktop/UWaterloo/All Academic Courses/CO456/Typed_Notes/knapsack_2.png>] [4] <voting_1.png, id=323, 518.93875pt x 160.6pt>
File: voting_1.png Graphic file (type png)
 <use voting_1.png>
Package pdftex.def Info: voting_1.png used on input line 2592.
(pdftex.def)             Requested size: 469.75499pt x 145.38654pt.
 [5 </Users/JasonWu/Desktop/UWaterloo/All Academic Courses/CO456/Typed_Notes/voting_1.png>] <voting_2.png, id=328, 839.135pt x 394.47375pt>
File: voting_2.png Graphic file (type png)
 <use voting_2.png>
Package pdftex.def Info: voting_2.png used on input line 2599.
(pdftex.def)             Requested size: 469.75499pt x 220.83156pt.
 <voting_3.png, id=329, 794.97pt x 154.5775pt>
File: voting_3.png Graphic file (type png)
 <use voting_3.png>
Package pdftex.def Info: voting_3.png used on input line 2606.
(pdftex.def)             Requested size: 469.75499pt x 91.3438pt.
 [6 </Users/JasonWu/Desktop/UWaterloo/All Academic Courses/CO456/Typed_Notes/voting_2.png> </Users/JasonWu/Desktop/UWaterloo/All Academic Courses/CO456/Typed_Notes/voting_3.png>] <voting_4.png, id=335, 311.1625pt x 117.43875pt>
File: voting_4.png Graphic file (type png)
 <use voting_4.png>
Package pdftex.def Info: voting_4.png used on input line 2632.
(pdftex.def)             Requested size: 281.85585pt x 106.3784pt.
 <voting_5.png, id=336, 312.16624pt x 106.3975pt>
File: voting_5.png Graphic file (type png)
 <use voting_5.png>
Package pdftex.def Info: voting_5.png used on input line 2639.
(pdftex.def)             Requested size: 281.85585pt x 96.06856pt.
 [7 </Users/JasonWu/Desktop/UWaterloo/All Academic Courses/CO456/Typed_Notes/voting_4.png> </Users/JasonWu/Desktop/UWaterloo/All Academic Courses/CO456/Typed_Notes/voting_5.png>] <voting_6.png, id=342, 588.1975pt x 320.19624pt>
File: voting_6.png Graphic file (type png)
 <use voting_6.png>
Package pdftex.def Info: voting_6.png used on input line 2670.
(pdftex.def)             Requested size: 469.75499pt x 255.72249pt.
 [8 </Users/JasonWu/Desktop/UWaterloo/All Academic Courses/CO456/Typed_Notes/voting_6.png>] [9] (/Users/JasonWu/Desktop/UWaterloo/All Academic Courses/CO456/Typed_Notes/CO456_Notes.aux) ) 
Here is how much of TeX's memory you used:
 13862 strings out of 492995
 269571 string characters out of 6132704
 314341 words of memory out of 5000000
 17096 multiletter control sequences out of 15000+600000
 7556 words of font info for 29 fonts, out of 8000000 for 9000
 1141 hyphenation exceptions out of 8191
 55i,16n,54p,780b,364s stack positions out of 5000i,500n,10000p,200000b,80000s
</usr/local/texlive/2017/texmf-dist/fonts/type1/public/amsfonts/cm/cmbx10.pfb></usr/local/texlive/2017/texmf-dist/fonts/type1/public/amsfonts/cm/cmbx12.pfb></usr/local/texlive/2017/texmf-dist/fonts/type1/public/amsfonts/cm/cmex10.pfb></usr/local/texlive/2017/texmf-dist/fonts/type1/public/amsfonts/cmextra/cmex7.pfb></usr/local/texlive/2017/texmf-dist/fonts/type1/public/amsfonts/cm/cmmi10.pfb></usr/local/texlive/2017/texmf-dist/fonts/type1/public/amsfonts/cm/cmmi5.pfb></usr/local/texlive/2017/texmf-dist/fonts/type1/public/amsfonts/cm/cmmi7.pfb></usr/local/texlive/2017/texmf-dist/fonts/type1/public/amsfonts/cm/cmr10.pfb></usr/local/texlive/2017/texmf-dist/fonts/type1/public/amsfonts/cm/cmr12.pfb></usr/local/texlive/2017/texmf-dist/fonts/type1/public/amsfonts/cm/cmr5.pfb></usr/local/texlive/2017/texmf-dist/fonts/type1/public/amsfonts/cm/cmr7.pfb></usr/local/texlive/2017/texmf-dist/fonts/type1/public/amsfonts/cm/cmsl10.pfb></usr/local/texlive/2017/texmf-dist/fonts/type1/public/amsfonts/cm/cmsy10.pfb></usr/local/texlive/2017/texmf-dist/fonts/type1/public/amsfonts/cm/cmsy5.pfb></usr/local/texlive/2017/texmf-dist/fonts/type1/public/amsfonts/cm/cmsy7.pfb></usr/local/texlive/2017/texmf-dist/fonts/type1/public/amsfonts/cm/cmti10.pfb></usr/local/texlive/2017/texmf-dist/fonts/type1/public/amsfonts/symbols/msbm10.pfb>
Output written on "/Users/JasonWu/Desktop/UWaterloo/All Academic Courses/CO456/Typed_Notes/CO456_Notes.pdf" (84 pages, 6558932 bytes).
PDF statistics:
 408 PDF objects out of 1000 (max. 8388607)
 242 compressed objects within 3 object streams
 0 named destinations out of 1000 (max. 500000)
 163 words of extra memory for PDF output out of 10000 (max. 10000000)

