\BOOKMARK [1][-]{section.1}{MATH 135 Review}{}% 1
\BOOKMARK [2][-]{subsection.1.1}{Divisibility}{section.1}% 2
\BOOKMARK [2][-]{subsection.1.2}{Primes}{section.1}% 3
\BOOKMARK [2][-]{subsection.1.3}{Division Algorithm}{section.1}% 4
\BOOKMARK [2][-]{subsection.1.4}{GCDs}{section.1}% 5
\BOOKMARK [2][-]{subsection.1.5}{Coprime}{section.1}% 6
\BOOKMARK [2][-]{subsection.1.6}{The Fundamental Theorem of Arithmetic}{section.1}% 7
\BOOKMARK [2][-]{subsection.1.7}{Modulos}{section.1}% 8
\BOOKMARK [2][-]{subsection.1.8}{Congurence Class}{section.1}% 9
\BOOKMARK [2][-]{subsection.1.9}{Linear Diophantine Equation}{section.1}% 10
\BOOKMARK [2][-]{subsection.1.10}{Zero Divisors}{section.1}% 11
\BOOKMARK [2][-]{subsection.1.11}{Chinese Remainder Theorem}{section.1}% 12
\BOOKMARK [1][-]{section.2}{Quadratic Residues}{}% 13
\BOOKMARK [2][-]{subsection.2.1}{Euler's Criterion}{section.2}% 14
\BOOKMARK [2][-]{subsection.2.2}{Properties of Legendre Symbol}{section.2}% 15
\BOOKMARK [2][-]{subsection.2.3}{Gauss's Lemma}{section.2}% 16
\BOOKMARK [2][-]{subsection.2.4}{Properties of Legendre Symbol Continued}{section.2}% 17
\BOOKMARK [2][-]{subsection.2.5}{The Law of Quadratic Reciprocity}{section.2}% 18
\BOOKMARK [2][-]{subsection.2.6}{The General Quadratic}{section.2}% 19
\BOOKMARK [1][-]{section.3}{Introduction to Multiplicative Functions}{}% 20
\BOOKMARK [2][-]{subsection.3.1}{Multiplicative Functions}{section.3}% 21
\BOOKMARK [2][-]{subsection.3.2}{Perfect Numbers}{section.3}% 22
\BOOKMARK [2][-]{subsection.3.3}{Mobius -function}{section.3}% 23
\BOOKMARK [3][-]{subsubsection.3.3.1}{Inversion}{subsection.3.3}% 24
\BOOKMARK [1][-]{section.4}{Continued Fractions}{}% 25
\BOOKMARK [2][-]{subsection.4.1}{Motivation}{section.4}% 26
\BOOKMARK [2][-]{subsection.4.2}{Decimals of Rationals}{section.4}% 27
\BOOKMARK [2][-]{subsection.4.3}{Continued Fractions}{section.4}% 28
\BOOKMARK [2][-]{subsection.4.4}{Convergents}{section.4}% 29
\BOOKMARK [2][-]{subsection.4.5}{Infinite Continued Fractions}{section.4}% 30
\BOOKMARK [2][-]{subsection.4.6}{Rational Approximation}{section.4}% 31
\BOOKMARK [2][-]{subsection.4.7}{Quadratic Irrationals}{section.4}% 32
\BOOKMARK [2][-]{subsection.4.8}{Eventually Periodic Continued Fractions}{section.4}% 33
\BOOKMARK [2][-]{subsection.4.9}{Periodic Continued Fractions}{section.4}% 34
\BOOKMARK [2][-]{subsection.4.10}{Continued Fraction of d}{section.4}% 35
\BOOKMARK [2][-]{subsection.4.11}{Pell's Equations}{section.4}% 36
\BOOKMARK [1][-]{section.5}{Some Random Stuff}{}% 37
\BOOKMARK [2][-]{subsection.5.1}{Pythagorean Triples}{section.5}% 38
\BOOKMARK [2][-]{subsection.5.2}{n=4 case of FLT}{section.5}% 39
\BOOKMARK [2][-]{subsection.5.3}{Which Numbers are a Sum of Two Squares?}{section.5}% 40
