\BOOKMARK [1][-]{section.1}{\376\377\000C\000o\000m\000p\000l\000e\000x\000\040\000N\000u\000m\000b\000e\000r\000s}{}% 1
\BOOKMARK [2][-]{subsection.1.1}{\376\377\000I\000n\000t\000r\000o\000,\000\040\000P\000r\000o\000p\000e\000r\000t\000i\000e\000s\000\040\000o\000f\000\040\000C\000o\000m\000p\000l\000e\000x\000\040\000N\000u\000m\000b\000e\000r\000s}{section.1}% 2
\BOOKMARK [2][-]{subsection.1.2}{\376\377\000T\000h\000e\000\040\000C\000o\000m\000p\000l\000e\000x\000\040\000P\000l\000a\000n\000e\000,\000\040\000P\000o\000l\000a\000r\000\040\000f\000o\000r\000m}{section.1}% 3
\BOOKMARK [2][-]{subsection.1.3}{\376\377\000C\000o\000m\000p\000l\000e\000x\000\040\000E\000x\000p\000o\000n\000e\000n\000t\000i\000a\000l\000,\000\040\000P\000o\000w\000e\000r\000s\000\040\000a\000n\000d\000\040\000R\000o\000o\000t\000s}{section.1}% 4
\BOOKMARK [2][-]{subsection.1.4}{\376\377\000A\000p\000p\000l\000i\000c\000a\000t\000i\000o\000n\000\040\000t\000o\000\040\000E\000l\000e\000c\000t\000r\000i\000c\000a\000l\000\040\000C\000i\000r\000c\000u\000i\000t\000s}{section.1}% 5
\BOOKMARK [2][-]{subsection.1.5}{\376\377\000S\000e\000t\000s\000\040\000i\000n\000\040\000t\000h\000e\000\040\000C\000o\000m\000p\000l\000e\000x\000\040\000P\000l\000a\000n\000e}{section.1}% 6
\BOOKMARK [1][-]{section.2}{\376\377\000A\000n\000a\000l\000y\000t\000i\000c\000\040\000F\000u\000n\000c\000t\000i\000o\000n\000s}{}% 7
\BOOKMARK [2][-]{subsection.2.1}{\376\377\000F\000u\000n\000c\000t\000i\000o\000n\000s}{section.2}% 8
\BOOKMARK [2][-]{subsection.2.2}{\376\377\000L\000i\000m\000i\000t\000s\000\040\000a\000n\000d\000\040\000D\000i\000f\000f\000e\000r\000e\000n\000t\000i\000a\000t\000i\000o\000n}{section.2}% 9
\BOOKMARK [2][-]{subsection.2.3}{\376\377\000D\000i\000f\000f\000e\000r\000e\000n\000t\000i\000a\000b\000i\000l\000i\000t\000y\000\040\000C\000o\000n\000t\000i\000n\000u\000e\000d}{section.2}% 10
\BOOKMARK [2][-]{subsection.2.4}{\376\377\000H\000a\000r\000m\000o\000n\000i\000c\000\040\000F\000u\000n\000c\000t\000i\000o\000n\000s}{section.2}% 11
\BOOKMARK [1][-]{section.3}{\376\377\000E\000l\000e\000m\000e\000n\000t\000a\000r\000y\000\040\000F\000u\000n\000c\000t\000i\000o\000n\000s}{}% 12
\BOOKMARK [2][-]{subsection.3.1}{\376\377\000E\000l\000e\000m\000e\000n\000t\000a\000r\000y\000\040\000F\000u\000n\000c\000t\000i\000o\000n\000s}{section.3}% 13
\BOOKMARK [2][-]{subsection.3.2}{\376\377\000T\000r\000i\000g\000o\000n\000o\000m\000e\000t\000r\000i\000c\000\040\000a\000n\000d\000\040\000L\000o\000g\000a\000r\000i\000t\000h\000m\000i\000c\000\040\000F\000u\000n\000c\000t\000i\000o\000n}{section.3}% 14
\BOOKMARK [2][-]{subsection.3.3}{\376\377\000L\000o\000g\000a\000r\000i\000t\000h\000m\000i\000c\000\040\000F\000u\000n\000c\000t\000i\000o\000n\000s}{section.3}% 15
\BOOKMARK [2][-]{subsection.3.4}{\376\377\000C\000o\000m\000p\000l\000e\000x\000\040\000P\000o\000w\000e\000r\000s\000\040\000a\000n\000d\000\040\000I\000n\000v\000e\000r\000s\000e\000\040\000T\000r\000i\000g\000o\000n\000o\000m\000e\000t\000r\000i\000c\000\040\000F\000u\000n\000c\000t\000i\000o\000n\000s}{section.3}% 16
\BOOKMARK [1][-]{section.4}{\376\377\000C\000o\000m\000p\000l\000e\000x\000\040\000I\000n\000t\000e\000g\000r\000a\000t\000i\000o\000n}{}% 17
\BOOKMARK [2][-]{subsection.4.1}{\376\377\000C\000o\000n\000t\000o\000u\000r\000s}{section.4}% 18
\BOOKMARK [2][-]{subsection.4.2}{\376\377\000C\000o\000n\000t\000o\000u\000r\000\040\000I\000n\000t\000e\000g\000r\000a\000l\000s}{section.4}% 19
\BOOKMARK [2][-]{subsection.4.3}{\376\377\000I\000n\000d\000e\000p\000e\000n\000d\000e\000n\000c\000e\000\040\000o\000f\000\040\000P\000a\000t\000h}{section.4}% 20
\BOOKMARK [2][-]{subsection.4.4}{\376\377\000C\000a\000u\000c\000h\000y\000'\000s\000\040\000I\000n\000t\000e\000g\000r\000a\000l\000\040\000T\000h\000e\000o\000r\000e\000m}{section.4}% 21
